2026-04-06T09:35:30.014412Z  INFO tailwindcss_oxide::scanner: Provided sources:
2026-04-06T09:35:30.015679Z  INFO tailwindcss_oxide::scanner: Source: PublicSourceEntry { base: "C:\\Users\\00pus\\OneDrive\\Desktop\\resume-builder", pattern: "**/*", negated: false }
2026-04-06T09:35:30.018790Z  INFO tailwindcss_oxide::scanner: Optimized sources:
2026-04-06T09:35:30.018837Z  INFO tailwindcss_oxide::scanner: Source: Auto { base: "C:\\Users\\00pus\\OneDrive\\Desktop\\resume-builder" }
2026-04-06T09:35:30.029484Z  INFO discover_sources: tailwindcss_oxide::scanner: enter
2026-04-06T09:35:30.029553Z  INFO discover_sources:walk_synchronous: tailwindcss_oxide::scanner: enter
2026-04-06T09:35:30.042952Z  INFO discover_sources:walk_synchronous: tailwindcss_oxide::scanner: exit
2026-04-06T09:35:30.044013Z  INFO tailwindcss_oxide::scanner: Reading "C:\\Users\\00pus\\OneDrive\\Desktop\\resume-builder\\src\\components\\editor\\ResumePreviewFrame.tsx"
2026-04-06T09:35:30.044089Z  INFO tailwindcss_oxide::scanner: Reading "C:\\Users\\00pus\\OneDrive\\Desktop\\resume-builder\\src\\lib\\templates\\creative-designer\\styles.css.ts"
2026-04-06T09:35:30.044101Z  INFO tailwindcss_oxide::scanner: Reading "C:\\Users\\00pus\\OneDrive\\Desktop\\resume-builder\\.env.example"
2026-04-06T09:35:30.044206Z  INFO tailwindcss_oxide::scanner: Reading "C:\\Users\\00pus\\OneDrive\\Desktop\\resume-builder\\src\\lib\\templates\\render.ts"
2026-04-06T09:35:30.044302Z  INFO tailwindcss_oxide::scanner: Reading "C:\\Users\\00pus\\OneDrive\\Desktop\\resume-builder\\src\\lib\\browserless.ts"
2026-04-06T09:35:30.044464Z  INFO tailwindcss_oxide::scanner: Reading "C:\\Users\\00pus\\OneDrive\\Desktop\\resume-builder\\src\\middleware.ts"
2026-04-06T09:35:30.044504Z  INFO tailwindcss_oxide::scanner: Reading "C:\\Users\\00pus\\OneDrive\\Desktop\\resume-builder\\src\\components\\layout\\AppHeader.tsx"
2026-04-06T09:35:30.044507Z  INFO tailwindcss_oxide::scanner: Reading "C:\\Users\\00pus\\OneDrive\\Desktop\\resume-builder\\eslint.config.mjs"
2026-04-06T09:35:30.044544Z  INFO tailwindcss_oxide::scanner: Reading "C:\\Users\\00pus\\OneDrive\\Desktop\\resume-builder\\src\\lib\\normalize-resume.ts"
2026-04-06T09:35:30.044556Z  INFO tailwindcss_oxide::scanner: Reading "C:\\Users\\00pus\\OneDrive\\Desktop\\resume-builder\\src\\lib\\templates\\minimal-clean\\body.hbs.ts"
2026-04-06T09:35:30.044556Z  INFO tailwindcss_oxide::scanner: Reading "C:\\Users\\00pus\\OneDrive\\Desktop\\resume-builder\\src\\app\\api\\resumes\\[id]\\pdf\\route.ts"
2026-04-06T09:35:30.044428Z  INFO tailwindcss_oxide::scanner: Reading "C:\\Users\\00pus\\OneDrive\\Desktop\\resume-builder\\src\\lib\\resume-access.ts"
2026-04-06T09:35:30.044687Z  INFO tailwindcss_oxide::scanner: Reading "C:\\Users\\00pus\\OneDrive\\Desktop\\resume-builder\\src\\types\\next-auth.d.ts"
2026-04-06T09:35:30.044697Z  INFO tailwindcss_oxide::scanner: Reading "C:\\Users\\00pus\\OneDrive\\Desktop\\resume-builder\\src\\lib\\prisma.ts"
2026-04-06T09:35:30.044711Z  INFO tailwindcss_oxide::scanner: Reading "C:\\Users\\00pus\\OneDrive\\Desktop\\resume-builder\\src\\components\\layout\\SiteHeader.tsx"
2026-04-06T09:35:30.044773Z  INFO tailwindcss_oxide::scanner: Reading "C:\\Users\\00pus\\OneDrive\\Desktop\\resume-builder\\src\\lib\\templates\\minimal-clean\\styles.css.ts"
2026-04-06T09:35:30.044786Z  INFO tailwindcss_oxide::scanner: Reading "C:\\Users\\00pus\\OneDrive\\Desktop\\resume-builder\\src\\app\\api\\resumes\\[id]\\route.ts"
2026-04-06T09:35:30.044800Z  INFO tailwindcss_oxide::scanner: Reading "C:\\Users\\00pus\\OneDrive\\Desktop\\resume-builder\\next-env.d.ts"
2026-04-06T09:35:30.044842Z  INFO tailwindcss_oxide::scanner: Reading "C:\\Users\\00pus\\OneDrive\\Desktop\\resume-builder\\src\\components\\providers.tsx"
2026-04-06T09:35:30.044873Z  INFO tailwindcss_oxide::scanner: Reading "C:\\Users\\00pus\\OneDrive\\Desktop\\resume-builder\\src\\lib\\templates\\modern-professional\\body.hbs.ts"
2026-04-06T09:35:30.044899Z  INFO tailwindcss_oxide::scanner: Reading "C:\\Users\\00pus\\OneDrive\\Desktop\\resume-builder\\src\\lib\\templates\\context.ts"
2026-04-06T09:35:30.044979Z  INFO tailwindcss_oxide::scanner: Reading "C:\\Users\\00pus\\OneDrive\\Desktop\\resume-builder\\src\\app\\dashboard\\page.tsx"
2026-04-06T09:35:30.044997Z  INFO tailwindcss_oxide::scanner: Reading "C:\\Users\\00pus\\OneDrive\\Desktop\\resume-builder\\src\\components\\upgrade\\UpgradeModal.tsx"
2026-04-06T09:35:30.044971Z  INFO tailwindcss_oxide::scanner: Reading "C:\\Users\\00pus\\OneDrive\\Desktop\\resume-builder\\next.config.ts"
2026-04-06T09:35:30.045032Z  INFO tailwindcss_oxide::scanner: Reading "C:\\Users\\00pus\\OneDrive\\Desktop\\resume-builder\\src\\lib\\templates\\modern-professional\\styles.css.ts"
2026-04-06T09:35:30.044928Z  INFO tailwindcss_oxide::scanner: Reading "C:\\Users\\00pus\\OneDrive\\Desktop\\resume-builder\\test-env.js"
2026-04-06T09:35:30.045129Z  INFO tailwindcss_oxide::scanner: Reading "C:\\Users\\00pus\\OneDrive\\Desktop\\resume-builder\\src\\lib\\templates\\creative-designer\\body.hbs.ts"
2026-04-06T09:35:30.045172Z  INFO tailwindcss_oxide::scanner: Reading "C:\\Users\\00pus\\OneDrive\\Desktop\\resume-builder\\src\\app\\editor\\[id]\\EditorClient.tsx"
2026-04-06T09:35:30.045173Z  INFO tailwindcss_oxide::scanner: Reading "C:\\Users\\00pus\\OneDrive\\Desktop\\resume-builder\\src\\lib\\auth-secret.ts"
2026-04-06T09:35:30.045175Z  INFO tailwindcss_oxide::scanner: Reading "C:\\Users\\00pus\\OneDrive\\Desktop\\resume-builder\\tsconfig.json"
2026-04-06T09:35:30.045186Z  INFO tailwindcss_oxide::scanner: Reading "C:\\Users\\00pus\\OneDrive\\Desktop\\resume-builder\\src\\lib\\templates\\registry.ts"
2026-04-06T09:35:30.045238Z  INFO tailwindcss_oxide::scanner: Reading "C:\\Users\\00pus\\OneDrive\\Desktop\\resume-builder\\src\\types\\resume.ts"
2026-04-06T09:35:30.045242Z  INFO tailwindcss_oxide::scanner: Reading "C:\\Users\\00pus\\OneDrive\\Desktop\\resume-builder\\package.json"
2026-04-06T09:35:30.045320Z  INFO tailwindcss_oxide::scanner: Reading "C:\\Users\\00pus\\OneDrive\\Desktop\\resume-builder\\prisma\\schema.prisma"
2026-04-06T09:35:30.045320Z  INFO tailwindcss_oxide::scanner: Reading "C:\\Users\\00pus\\OneDrive\\Desktop\\resume-builder\\src\\app\\login\\LoginForm.tsx"
2026-04-06T09:35:30.045362Z  INFO tailwindcss_oxide::scanner: Reading "C:\\Users\\00pus\\OneDrive\\Desktop\\resume-builder\\postcss.config.mjs"
2026-04-06T09:35:30.045390Z  INFO tailwindcss_oxide::scanner: Reading "C:\\Users\\00pus\\OneDrive\\Desktop\\resume-builder\\src\\app\\api\\auth\\[...nextauth]\\route.ts"
2026-04-06T09:35:30.045433Z  INFO tailwindcss_oxide::scanner: Reading "C:\\Users\\00pus\\OneDrive\\Desktop\\resume-builder\\README.md"
2026-04-06T09:35:30.045460Z  INFO tailwindcss_oxide::scanner: Reading "C:\\Users\\00pus\\OneDrive\\Desktop\\resume-builder\\src\\app\\api\\downloads\\route.ts"
2026-04-06T09:35:30.045470Z  INFO tailwindcss_oxide::scanner: Reading "C:\\Users\\00pus\\OneDrive\\Desktop\\resume-builder\\src\\app\\api\\auth\\register\\route.ts"
2026-04-06T09:35:30.045470Z  INFO tailwindcss_oxide::scanner: Reading "C:\\Users\\00pus\\OneDrive\\Desktop\\resume-builder\\src\\app\\login\\page.tsx"
2026-04-06T09:35:30.045515Z  INFO tailwindcss_oxide::scanner: Reading "C:\\Users\\00pus\\OneDrive\\Desktop\\resume-builder\\src\\app\\page.tsx"
2026-04-06T09:35:30.045556Z  INFO tailwindcss_oxide::scanner: Reading "C:\\Users\\00pus\\OneDrive\\Desktop\\resume-builder\\src\\app\\signup\\page.tsx"
2026-04-06T09:35:30.045649Z  INFO tailwindcss_oxide::scanner: Reading "C:\\Users\\00pus\\OneDrive\\Desktop\\resume-builder\\src\\app\\editor\\[id]\\page.tsx"
2026-04-06T09:35:30.045661Z  INFO tailwindcss_oxide::scanner: Reading "C:\\Users\\00pus\\OneDrive\\Desktop\\resume-builder\\src\\components\\editor\\ResumeEditor.tsx"
2026-04-06T09:35:30.045655Z  INFO tailwindcss_oxide::scanner: Reading "C:\\Users\\00pus\\OneDrive\\Desktop\\resume-builder\\src\\app\\api\\resumes\\route.ts"
2026-04-06T09:35:30.045665Z  INFO tailwindcss_oxide::scanner: Reading "C:\\Users\\00pus\\OneDrive\\Desktop\\resume-builder\\src\\app\\layout.tsx"
2026-04-06T09:35:30.045666Z  INFO tailwindcss_oxide::scanner: Reading "C:\\Users\\00pus\\OneDrive\\Desktop\\resume-builder\\src\\auth.ts"
2026-04-06T09:35:30.045914Z  INFO discover_sources: tailwindcss_oxide::scanner: exit
2026-04-06T09:35:30.045948Z  INFO extract_candidates: tailwindcss_oxide::scanner: enter
2026-04-06T09:35:30.045962Z  INFO extract_candidates:parse_all_blobs: tailwindcss_oxide::scanner: enter
2026-04-06T09:35:30.045977Z  INFO extract_candidates:parse_all_blobs:extract: tailwindcss_oxide::scanner: enter
2026-04-06T09:35:30.048145Z  INFO extract_candidates:parse_all_blobs:extract: tailwindcss_oxide::scanner: exit
2026-04-06T09:35:30.048238Z  INFO extract_candidates:parse_all_blobs: tailwindcss_oxide::scanner: exit
2026-04-06T09:35:30.048268Z  INFO extract_candidates:read_all_files: tailwindcss_oxide::scanner: enter
2026-04-06T09:35:30.048279Z  INFO extract_candidates:read_all_files: tailwindcss_oxide::scanner: Reading 1 file(s)
2026-04-06T09:35:30.048469Z  INFO extract_candidates:read_all_files: tailwindcss_oxide::scanner: Reading "C:\\Users\\00pus\\OneDrive\\Desktop\\resume-builder\\src\\app\\globals.css"
2026-04-06T09:35:30.048493Z  INFO extract_candidates:read_all_files: tailwindcss_oxide::scanner: exit
2026-04-06T09:35:30.048513Z  INFO extract_candidates:extract_css_variables: tailwindcss_oxide::scanner: enter
2026-04-06T09:35:30.048520Z  INFO extract_candidates:extract_css_variables:extract: tailwindcss_oxide::scanner: enter
2026-04-06T09:35:30.048634Z  INFO extract_candidates:extract_css_variables:extract: tailwindcss_oxide::scanner: exit
2026-04-06T09:35:30.048682Z  INFO extract_candidates:extract_css_variables: tailwindcss_oxide::scanner: exit
2026-04-06T09:35:30.049035Z  INFO extract_candidates: tailwindcss_oxide::scanner: exit
2026-04-06T09:35:30.050204Z  INFO get_files: tailwindcss_oxide::scanner: enter
2026-04-06T09:35:30.050237Z  INFO get_files:discover_sources: tailwindcss_oxide::scanner: enter
2026-04-06T09:35:30.050244Z  INFO get_files:discover_sources: tailwindcss_oxide::scanner: exit
2026-04-06T09:35:30.050374Z  INFO get_files: tailwindcss_oxide::scanner: exit
2026-04-06T09:35:30.051501Z  INFO get_globs: tailwindcss_oxide::scanner: enter
2026-04-06T09:35:30.051534Z  INFO get_globs:discover_sources: tailwindcss_oxide::scanner: enter
2026-04-06T09:35:30.051543Z  INFO get_globs:discover_sources: tailwindcss_oxide::scanner: exit
2026-04-06T09:35:30.059794Z  INFO get_globs: tailwindcss_oxide::scanner: exit
2026-04-06T09:38:35.295996Z  INFO discover_sources: tailwindcss_oxide::scanner: enter
2026-04-06T09:38:35.296045Z  INFO discover_sources:walk_parallel: tailwindcss_oxide::scanner: enter
2026-04-06T09:38:35.304960Z  INFO discover_sources:walk_parallel: tailwindcss_oxide::scanner: exit
2026-04-06T09:38:35.307947Z  INFO tailwindcss_oxide::scanner: Reading "C:\\Users\\00pus\\OneDrive\\Desktop\\resume-builder\\tsconfig.json"
2026-04-06T09:38:35.307945Z  INFO tailwindcss_oxide::scanner: Reading "C:\\Users\\00pus\\OneDrive\\Desktop\\resume-builder\\src\\lib\\templates\\creative-designer\\body.hbs.ts"
2026-04-06T09:38:35.308046Z  INFO tailwindcss_oxide::scanner: Reading "C:\\Users\\00pus\\OneDrive\\Desktop\\resume-builder\\src\\lib\\templates\\modern-professional\\styles.css.ts"
2026-04-06T09:38:35.308083Z  INFO tailwindcss_oxide::scanner: Reading "C:\\Users\\00pus\\OneDrive\\Desktop\\resume-builder\\src\\lib\\templates\\modern-professional\\body.hbs.ts"
2026-04-06T09:38:35.307945Z  INFO tailwindcss_oxide::scanner: Reading "C:\\Users\\00pus\\OneDrive\\Desktop\\resume-builder\\src\\lib\\templates\\registry.ts"
2026-04-06T09:38:35.308119Z  INFO tailwindcss_oxide::scanner: Reading "C:\\Users\\00pus\\OneDrive\\Desktop\\resume-builder\\package.json"
2026-04-06T09:38:35.308137Z  INFO tailwindcss_oxide::scanner: Reading "C:\\Users\\00pus\\OneDrive\\Desktop\\resume-builder\\src\\app\\signup\\page.tsx"
2026-04-06T09:38:35.308182Z  INFO tailwindcss_oxide::scanner: Reading "C:\\Users\\00pus\\OneDrive\\Desktop\\resume-builder\\src\\middleware.ts"
2026-04-06T09:38:35.308225Z  INFO tailwindcss_oxide::scanner: Reading "C:\\Users\\00pus\\OneDrive\\Desktop\\resume-builder\\README.md"
2026-04-06T09:38:35.308230Z  INFO tailwindcss_oxide::scanner: Reading "C:\\Users\\00pus\\OneDrive\\Desktop\\resume-builder\\src\\lib\\templates\\render.ts"
2026-04-06T09:38:35.308246Z  INFO tailwindcss_oxide::scanner: Reading "C:\\Users\\00pus\\OneDrive\\Desktop\\resume-builder\\src\\types\\resume.ts"
2026-04-06T09:38:35.308081Z  INFO tailwindcss_oxide::scanner: Reading "C:\\Users\\00pus\\OneDrive\\Desktop\\resume-builder\\src\\types\\next-auth.d.ts"
2026-04-06T09:38:35.308304Z  INFO tailwindcss_oxide::scanner: Reading "C:\\Users\\00pus\\OneDrive\\Desktop\\resume-builder\\next-env.d.ts"
2026-04-06T09:38:35.307945Z  INFO tailwindcss_oxide::scanner: Reading "C:\\Users\\00pus\\OneDrive\\Desktop\\resume-builder\\src\\lib\\prisma.ts"
2026-04-06T09:38:35.308350Z  INFO tailwindcss_oxide::scanner: Reading "C:\\Users\\00pus\\OneDrive\\Desktop\\resume-builder\\src\\app\\layout.tsx"
2026-04-06T09:38:35.308365Z  INFO tailwindcss_oxide::scanner: Reading "C:\\Users\\00pus\\OneDrive\\Desktop\\resume-builder\\src\\app\\dashboard\\page.tsx"
2026-04-06T09:38:35.308388Z  INFO tailwindcss_oxide::scanner: Reading "C:\\Users\\00pus\\OneDrive\\Desktop\\resume-builder\\src\\lib\\templates\\creative-designer\\styles.css.ts"
2026-04-06T09:38:35.308433Z  INFO tailwindcss_oxide::scanner: Reading "C:\\Users\\00pus\\OneDrive\\Desktop\\resume-builder\\next.config.ts"
2026-04-06T09:38:35.308458Z  INFO tailwindcss_oxide::scanner: Reading "C:\\Users\\00pus\\OneDrive\\Desktop\\resume-builder\\src\\lib\\resume-access.ts"
2026-04-06T09:38:35.308461Z  INFO tailwindcss_oxide::scanner: Reading "C:\\Users\\00pus\\OneDrive\\Desktop\\resume-builder\\src\\components\\editor\\ResumePreviewFrame.tsx"
2026-04-06T09:38:35.308473Z  INFO tailwindcss_oxide::scanner: Reading "C:\\Users\\00pus\\OneDrive\\Desktop\\resume-builder\\src\\app\\editor\\[id]\\page.tsx"
2026-04-06T09:38:35.308496Z  INFO tailwindcss_oxide::scanner: Reading "C:\\Users\\00pus\\OneDrive\\Desktop\\resume-builder\\eslint.config.mjs"
2026-04-06T09:38:35.308567Z  INFO tailwindcss_oxide::scanner: Reading "C:\\Users\\00pus\\OneDrive\\Desktop\\resume-builder\\prisma\\schema.prisma"
2026-04-06T09:38:35.308580Z  INFO tailwindcss_oxide::scanner: Reading "C:\\Users\\00pus\\OneDrive\\Desktop\\resume-builder\\src\\components\\editor\\ResumeEditor.tsx"
2026-04-06T09:38:35.308586Z  INFO tailwindcss_oxide::scanner: Reading "C:\\Users\\00pus\\OneDrive\\Desktop\\resume-builder\\src\\app\\api\\downloads\\route.ts"
2026-04-06T09:38:35.308085Z  INFO tailwindcss_oxide::scanner: Reading "C:\\Users\\00pus\\OneDrive\\Desktop\\resume-builder\\test-env.js"
2026-04-06T09:38:35.308607Z  INFO tailwindcss_oxide::scanner: Reading "C:\\Users\\00pus\\OneDrive\\Desktop\\resume-builder\\.env.example"
2026-04-06T09:38:35.308677Z  INFO tailwindcss_oxide::scanner: Reading "C:\\Users\\00pus\\OneDrive\\Desktop\\resume-builder\\src\\lib\\templates\\minimal-clean\\styles.css.ts"
2026-04-06T09:38:35.308692Z  INFO tailwindcss_oxide::scanner: Reading "C:\\Users\\00pus\\OneDrive\\Desktop\\resume-builder\\src\\auth.ts"
2026-04-06T09:38:35.308708Z  INFO tailwindcss_oxide::scanner: Reading "C:\\Users\\00pus\\OneDrive\\Desktop\\resume-builder\\src\\lib\\normalize-resume.ts"
2026-04-06T09:38:35.308708Z  INFO tailwindcss_oxide::scanner: Reading "C:\\Users\\00pus\\OneDrive\\Desktop\\resume-builder\\src\\app\\api\\auth\\register\\route.ts"
2026-04-06T09:38:35.308251Z  INFO tailwindcss_oxide::scanner: Reading "C:\\Users\\00pus\\OneDrive\\Desktop\\resume-builder\\src\\app\\page.tsx"
2026-04-06T09:38:35.308785Z  INFO tailwindcss_oxide::scanner: Reading "C:\\Users\\00pus\\OneDrive\\Desktop\\resume-builder\\src\\lib\\templates\\minimal-clean\\body.hbs.ts"
2026-04-06T09:38:35.308801Z  INFO tailwindcss_oxide::scanner: Reading "C:\\Users\\00pus\\OneDrive\\Desktop\\resume-builder\\src\\components\\layout\\AppHeader.tsx"
2026-04-06T09:38:35.308833Z  INFO tailwindcss_oxide::scanner: Reading "C:\\Users\\00pus\\OneDrive\\Desktop\\resume-builder\\src\\lib\\browserless.ts"
2026-04-06T09:38:35.308833Z  INFO tailwindcss_oxide::scanner: Reading "C:\\Users\\00pus\\OneDrive\\Desktop\\resume-builder\\src\\app\\api\\resumes\\[id]\\pdf\\route.ts"
2026-04-06T09:38:35.308918Z  INFO tailwindcss_oxide::scanner: Reading "C:\\Users\\00pus\\OneDrive\\Desktop\\resume-builder\\src\\lib\\templates\\context.ts"
2026-04-06T09:38:35.308847Z  INFO tailwindcss_oxide::scanner: Reading "C:\\Users\\00pus\\OneDrive\\Desktop\\resume-builder\\src\\app\\login\\page.tsx"
2026-04-06T09:38:35.308952Z  INFO tailwindcss_oxide::scanner: Reading "C:\\Users\\00pus\\OneDrive\\Desktop\\resume-builder\\src\\lib\\auth-secret.ts"
2026-04-06T09:38:35.308718Z  INFO tailwindcss_oxide::scanner: Reading "C:\\Users\\00pus\\OneDrive\\Desktop\\resume-builder\\postcss.config.mjs"
2026-04-06T09:38:35.309028Z  INFO tailwindcss_oxide::scanner: Reading "C:\\Users\\00pus\\OneDrive\\Desktop\\resume-builder\\src\\app\\api\\resumes\\route.ts"
2026-04-06T09:38:35.309031Z  INFO tailwindcss_oxide::scanner: Reading "C:\\Users\\00pus\\OneDrive\\Desktop\\resume-builder\\src\\components\\upgrade\\UpgradeModal.tsx"
2026-04-06T09:38:35.308905Z  INFO tailwindcss_oxide::scanner: Reading "C:\\Users\\00pus\\OneDrive\\Desktop\\resume-builder\\src\\app\\api\\auth\\[...nextauth]\\route.ts"
2026-04-06T09:38:35.309059Z  INFO tailwindcss_oxide::scanner: Reading "C:\\Users\\00pus\\OneDrive\\Desktop\\resume-builder\\src\\app\\login\\LoginForm.tsx"
2026-04-06T09:38:35.309062Z  INFO tailwindcss_oxide::scanner: Reading "C:\\Users\\00pus\\OneDrive\\Desktop\\resume-builder\\src\\components\\providers.tsx"
2026-04-06T09:38:35.308586Z  INFO tailwindcss_oxide::scanner: Reading "C:\\Users\\00pus\\OneDrive\\Desktop\\resume-builder\\src\\app\\editor\\[id]\\EditorClient.tsx"
2026-04-06T09:38:35.309068Z  INFO tailwindcss_oxide::scanner: Reading "C:\\Users\\00pus\\OneDrive\\Desktop\\resume-builder\\src\\app\\api\\resumes\\[id]\\route.ts"
2026-04-06T09:38:35.309115Z  INFO tailwindcss_oxide::scanner: Reading "C:\\Users\\00pus\\OneDrive\\Desktop\\resume-builder\\src\\components\\layout\\SiteHeader.tsx"
2026-04-06T09:38:35.309279Z  INFO discover_sources: tailwindcss_oxide::scanner: exit
2026-04-06T09:38:35.309304Z  INFO extract_candidates: tailwindcss_oxide::scanner: enter
2026-04-06T09:38:35.309316Z  INFO extract_candidates:parse_all_blobs: tailwindcss_oxide::scanner: enter
2026-04-06T09:38:35.309326Z  INFO extract_candidates:parse_all_blobs:extract: tailwindcss_oxide::scanner: enter
2026-04-06T09:38:35.311987Z  INFO extract_candidates:parse_all_blobs:extract: tailwindcss_oxide::scanner: exit
2026-04-06T09:38:35.312033Z  INFO extract_candidates:parse_all_blobs: tailwindcss_oxide::scanner: exit
2026-04-06T09:38:35.312043Z  INFO extract_candidates:read_all_files: tailwindcss_oxide::scanner: enter
2026-04-06T09:38:35.312049Z  INFO extract_candidates:read_all_files: tailwindcss_oxide::scanner: Reading 1 file(s)
2026-04-06T09:38:35.312226Z  INFO extract_candidates:read_all_files: tailwindcss_oxide::scanner: Reading "C:\\Users\\00pus\\OneDrive\\Desktop\\resume-builder\\src\\app\\globals.css"
2026-04-06T09:38:35.312314Z  INFO extract_candidates:read_all_files: tailwindcss_oxide::scanner: exit
2026-04-06T09:38:35.312325Z  INFO extract_candidates:extract_css_variables: tailwindcss_oxide::scanner: enter
2026-04-06T09:38:35.312334Z  INFO extract_candidates:extract_css_variables:extract: tailwindcss_oxide::scanner: enter
2026-04-06T09:38:35.312419Z  INFO extract_candidates:extract_css_variables:extract: tailwindcss_oxide::scanner: exit
2026-04-06T09:38:35.312442Z  INFO extract_candidates:extract_css_variables: tailwindcss_oxide::scanner: exit
2026-04-06T09:38:35.312542Z  INFO extract_candidates: tailwindcss_oxide::scanner: exit
2026-04-06T09:38:35.313280Z  INFO get_files: tailwindcss_oxide::scanner: enter
2026-04-06T09:38:35.313301Z  INFO get_files:discover_sources: tailwindcss_oxide::scanner: enter
2026-04-06T09:38:35.313308Z  INFO get_files:discover_sources: tailwindcss_oxide::scanner: exit
2026-04-06T09:38:35.313433Z  INFO get_files: tailwindcss_oxide::scanner: exit
2026-04-06T09:38:35.313866Z  INFO get_globs: tailwindcss_oxide::scanner: enter
2026-04-06T09:38:35.313881Z  INFO get_globs: tailwindcss_oxide::scanner: exit
2026-04-06T09:38:35.351553Z  INFO discover_sources: tailwindcss_oxide::scanner: enter
2026-04-06T09:38:35.351597Z  INFO discover_sources:walk_parallel: tailwindcss_oxide::scanner: enter
2026-04-06T09:38:35.362332Z  INFO discover_sources:walk_parallel: tailwindcss_oxide::scanner: exit
2026-04-06T09:38:35.365061Z  INFO discover_sources: tailwindcss_oxide::scanner: exit
2026-04-06T09:38:35.365088Z  INFO extract_candidates: tailwindcss_oxide::scanner: enter
2026-04-06T09:38:35.365096Z  INFO extract_candidates:parse_all_blobs: tailwindcss_oxide::scanner: enter
2026-04-06T09:38:35.365102Z  INFO extract_candidates:parse_all_blobs:extract: tailwindcss_oxide::scanner: enter
2026-04-06T09:38:35.365108Z  INFO extract_candidates:parse_all_blobs:extract: tailwindcss_oxide::scanner: exit
2026-04-06T09:38:35.365114Z  INFO extract_candidates:parse_all_blobs: tailwindcss_oxide::scanner: exit
2026-04-06T09:38:35.365148Z  INFO extract_candidates: tailwindcss_oxide::scanner: exit
2026-04-06T09:38:35.365730Z  INFO get_files: tailwindcss_oxide::scanner: enter
2026-04-06T09:38:35.365756Z  INFO get_files:discover_sources: tailwindcss_oxide::scanner: enter
2026-04-06T09:38:35.365769Z  INFO get_files:discover_sources: tailwindcss_oxide::scanner: exit
2026-04-06T09:38:35.365902Z  INFO get_files: tailwindcss_oxide::scanner: exit
2026-04-06T09:38:35.366186Z  INFO get_globs: tailwindcss_oxide::scanner: enter
2026-04-06T09:38:35.366199Z  INFO get_globs: tailwindcss_oxide::scanner: exit
